<?xml version="1.0" encoding="UTF-8"?>
<!-- Generated by org.testng.reporters.JUnitReportReporter -->
<testsuite hostname="MT-5CD119LF0H" failures="0" tests="1" name="com.mindtree.Runner.BookRunner" time="120.878" errors="0" timestamp="2021-11-05T15:51:06 IST" skipped="0">
  <testcase classname="com.mindtree.Runner.BookRunner" name="runScenario" time="120.878"/>
</testsuite> <!-- com.mindtree.Runner.BookRunner -->
