<?xml version="1.0" encoding="UTF-8"?>
<!-- Generated by org.testng.reporters.JUnitReportReporter -->
<testsuite hostname="LAPTOP-I0G6BM00" failures="0" tests="1" name="com.mindtree.Runner.BookRunner" time="188.492" errors="0" timestamp="2021-11-06T11:09:01 IST" skipped="0">
  <testcase classname="com.mindtree.Runner.BookRunner" name="runScenario" time="188.492"/>
</testsuite> <!-- com.mindtree.Runner.BookRunner -->
