<?xml version="1.0" encoding="UTF-8"?>
<!-- Generated by org.testng.reporters.JUnitReportReporter -->
<testsuite hostname="MT-5CD119LF0H" failures="0" tests="1" name="com.mindtree.Runner.BookRunner" time="204.271" errors="0" timestamp="2021-11-05T16:35:34 IST" skipped="0">
  <testcase classname="com.mindtree.Runner.BookRunner" name="runScenario" time="204.271"/>
</testsuite> <!-- com.mindtree.Runner.BookRunner -->
